Arguments: 
  /usr/local/Cellar/node/16.7.0/bin/node /usr/local/bin/yarn

PATH: 
  /usr/local/bin:/usr/bin:/bin:/usr/sbin:/sbin:/opt/X11/bin:/Users/nathan/.cargo/bin

Yarn version: 
  1.22.15

Node version: 
  16.7.0

Platform: 
  darwin x64

Trace: 
  SyntaxError: /Users/nathan/Documents/Mega/Code/TypeScript/zebra/package.json: Unexpected token } in JSON at position 153
      at JSON.parse (<anonymous>)
      at /usr/local/lib/node_modules/yarn/lib/cli.js:1625:59
      at Generator.next (<anonymous>)
      at step (/usr/local/lib/node_modules/yarn/lib/cli.js:310:30)
      at /usr/local/lib/node_modules/yarn/lib/cli.js:321:13

npm manifest: 
  {
    "name": "zebra-lang",
    "version": "0.1.0",
    "dependencies": {
      "typescript": "4.1"
    },
    "devDependencies": {
      "@types/node": "^16.11.1",
    }
  }

yarn manifest: 
  No manifest

Lockfile: 
  # THIS IS AN AUTOGENERATED FILE. DO NOT EDIT THIS FILE DIRECTLY.
  # yarn lockfile v1
  
  
  typescript@4.1:
    version "4.1.6"
    resolved "https://registry.yarnpkg.com/typescript/-/typescript-4.1.6.tgz#1becd85d77567c3c741172339e93ce2e69932138"
    integrity sha512-pxnwLxeb/Z5SP80JDRzVjh58KsM6jZHRAOtTpS7sXLS4ogXNKC9ANxHHZqLLeVHZN35jCtI4JdmLLbLiC1kBow==
